<?xml version="1.0" encoding="UTF-8" ?>
<testsuite errors="0" failures="0" hostname="mithril" name="net.premereur.mvp.example.swing.presenter.ApplicationPresenterTest" tests="1" time="0.496" timestamp="2010-08-29T19:00:33">
  <properties>
[...]
</properties>
  <testcase classname="net.premereur.mvp.example.swing.presenter.ApplicationPresenterTest" name="shouldMakeTheApplicationFrameVisible" time="0.381" />
  <system-out><![CDATA[]]></system-out>
  <system-err><![CDATA[]]></system-err>
</testsuite>
